Determining if the pthread_create exist failed with the following output:
Change Dir: /home/x0221391/ros_ws/build/CMakeFiles/CMakeTmp

Run Build Command:/usr/bin/gmake "cmTryCompileExec1775883674/fast"
/usr/bin/gmake -f CMakeFiles/cmTryCompileExec1775883674.dir/build.make CMakeFiles/cmTryCompileExec1775883674.dir/build
gmake[1]: Entering directory `/home/x0221391/ros_ws/build/CMakeFiles/CMakeTmp'
/usr/bin/cmake -E cmake_progress_report /home/x0221391/ros_ws/build/CMakeFiles/CMakeTmp/CMakeFiles 1
Building C object CMakeFiles/cmTryCompileExec1775883674.dir/CheckSymbolExists.c.o
/usr/bin/gcc    -o CMakeFiles/cmTryCompileExec1775883674.dir/CheckSymbolExists.c.o   -c /home/x0221391/ros_ws/build/CMakeFiles/CMakeTmp/CheckSymbolExists.c
Linking C executable cmTryCompileExec1775883674
/usr/bin/cmake -E cmake_link_script CMakeFiles/cmTryCompileExec1775883674.dir/link.txt --verbose=1
/usr/bin/gcc         CMakeFiles/cmTryCompileExec1775883674.dir/CheckSymbolExists.c.o  -o cmTryCompileExec1775883674 -rdynamic 
CMakeFiles/cmTryCompileExec1775883674.dir/CheckSymbolExists.c.o: In function `main':
CheckSymbolExists.c:(.text+0x16): undefined reference to `pthread_create'
collect2: ld returned 1 exit status
gmake[1]: *** [cmTryCompileExec1775883674] Error 1
gmake[1]: Leaving directory `/home/x0221391/ros_ws/build/CMakeFiles/CMakeTmp'
gmake: *** [cmTryCompileExec1775883674/fast] Error 2

File /home/x0221391/ros_ws/build/CMakeFiles/CMakeTmp/CheckSymbolExists.c:
/* */
#include <pthread.h>

int main(int argc, char** argv)
{
  (void)argv;
#ifndef pthread_create
  return ((int*)(&pthread_create))[argc];
#else
  (void)argc;
  return 0;
#endif
}

Determining if the function pthread_create exists in the pthreads failed with the following output:
Change Dir: /home/x0221391/ros_ws/build/CMakeFiles/CMakeTmp

Run Build Command:/usr/bin/gmake "cmTryCompileExec2301502283/fast"
/usr/bin/gmake -f CMakeFiles/cmTryCompileExec2301502283.dir/build.make CMakeFiles/cmTryCompileExec2301502283.dir/build
gmake[1]: Entering directory `/home/x0221391/ros_ws/build/CMakeFiles/CMakeTmp'
/usr/bin/cmake -E cmake_progress_report /home/x0221391/ros_ws/build/CMakeFiles/CMakeTmp/CMakeFiles 1
Building C object CMakeFiles/cmTryCompileExec2301502283.dir/CheckFunctionExists.c.o
/usr/bin/gcc   -DCHECK_FUNCTION_EXISTS=pthread_create   -o CMakeFiles/cmTryCompileExec2301502283.dir/CheckFunctionExists.c.o   -c /usr/share/cmake-2.8/Modules/CheckFunctionExists.c
Linking C executable cmTryCompileExec2301502283
/usr/bin/cmake -E cmake_link_script CMakeFiles/cmTryCompileExec2301502283.dir/link.txt --verbose=1
/usr/bin/gcc     -DCHECK_FUNCTION_EXISTS=pthread_create    CMakeFiles/cmTryCompileExec2301502283.dir/CheckFunctionExists.c.o  -o cmTryCompileExec2301502283 -rdynamic -lpthreads 
/usr/bin/ld: cannot find -lpthreads
collect2: ld returned 1 exit status
gmake[1]: *** [cmTryCompileExec2301502283] Error 1
gmake[1]: Leaving directory `/home/x0221391/ros_ws/build/CMakeFiles/CMakeTmp'
gmake: *** [cmTryCompileExec2301502283/fast] Error 2


